<?xml version="1.0" encoding="UTF-8"?>
<!-- Generated by org.testng.reporters.JUnitXMLReporter -->
<testsuite ignored="0" hostname="DESKTOP-IR0K7AC" failures="0" tests="4" name="Users and Products Test cases" time="0.09" errors="0" timestamp="2021-11-03T08:27:19 IST">
  <testcase classname="com.sgtesting.testcases.users.Users" name="usersTestCase1" time="0.015"/>
  <testcase classname="com.sgtesting.testcases.users.Users" name="usersTestCase2" time="0.004"/>
  <testcase classname="com.sgtesting.testcases.products.Products" name="productsTestCase1" time="0.003"/>
  <testcase classname="com.sgtesting.testcases.products.Products" name="productsTestCase2" time="0.003"/>
</testsuite> <!-- Users and Products Test cases -->
