<?xml version="1.0" encoding="UTF-8"?>
<testng-results ignored="0" total="4" passed="4" failed="0" skipped="0">
  <reporter-output>
  </reporter-output>
  <suite started-at="2021-11-03T08:27:19 IST" name="Test cases" finished-at="2021-11-03T08:27:19 IST" duration-ms="90">
    <groups>
    </groups>
    <test started-at="2021-11-03T08:27:19 IST" name="Users and Products Test cases" finished-at="2021-11-03T08:27:19 IST" duration-ms="90">
      <class name="com.sgtesting.testcases.products.Products">
        <test-method signature="productsTestCase1()[pri:0, instance:com.sgtesting.testcases.products.Products@524d6d96]" started-at="2021-11-03T08:27:19 IST" name="productsTestCase1" finished-at="2021-11-03T08:27:19 IST" duration-ms="3" status="PASS">
          <reporter-output>
          </reporter-output>
        </test-method> <!-- productsTestCase1 -->
        <test-method signature="productsTestCase2()[pri:0, instance:com.sgtesting.testcases.products.Products@524d6d96]" started-at="2021-11-03T08:27:19 IST" name="productsTestCase2" finished-at="2021-11-03T08:27:19 IST" duration-ms="3" status="PASS">
          <reporter-output>
          </reporter-output>
        </test-method> <!-- productsTestCase2 -->
      </class> <!-- com.sgtesting.testcases.products.Products -->
      <class name="com.sgtesting.testcases.users.Users">
        <test-method signature="usersTestCase1()[pri:0, instance:com.sgtesting.testcases.users.Users@6bf0219d]" started-at="2021-11-03T08:27:19 IST" name="usersTestCase1" finished-at="2021-11-03T08:27:19 IST" duration-ms="15" status="PASS">
          <reporter-output>
          </reporter-output>
        </test-method> <!-- usersTestCase1 -->
        <test-method signature="usersTestCase2()[pri:0, instance:com.sgtesting.testcases.users.Users@6bf0219d]" started-at="2021-11-03T08:27:19 IST" name="usersTestCase2" finished-at="2021-11-03T08:27:19 IST" duration-ms="4" status="PASS">
          <reporter-output>
          </reporter-output>
        </test-method> <!-- usersTestCase2 -->
      </class> <!-- com.sgtesting.testcases.users.Users -->
    </test> <!-- Users and Products Test cases -->
  </suite> <!-- Test cases -->
</testng-results>
